Puma starting in single mode...
* Puma version: 6.6.1 ("Return to Forever")
* Ruby version: ruby 3.2.3 (2024-01-18 revision 52bb2ac0a6) [x86_64-linux-gnu]
*  Min threads: 0
*  Max threads: 5
*  Environment: development
*          PID: 47467
/home/jsilva/fisio/fisio_back/vendor/bundle/ruby/3.2.0/gems/puma-6.6.1/lib/puma/binder.rb:342:in `initialize': Address already in use - bind(2) for "0.0.0.0" port 9292 (Errno::EADDRINUSE)
	from /home/jsilva/fisio/fisio_back/vendor/bundle/ruby/3.2.0/gems/puma-6.6.1/lib/puma/binder.rb:342:in `new'
	from /home/jsilva/fisio/fisio_back/vendor/bundle/ruby/3.2.0/gems/puma-6.6.1/lib/puma/binder.rb:342:in `add_tcp_listener'
	from /home/jsilva/fisio/fisio_back/vendor/bundle/ruby/3.2.0/gems/puma-6.6.1/lib/puma/binder.rb:171:in `block in parse'
	from /home/jsilva/fisio/fisio_back/vendor/bundle/ruby/3.2.0/gems/puma-6.6.1/lib/puma/binder.rb:154:in `each'
	from /home/jsilva/fisio/fisio_back/vendor/bundle/ruby/3.2.0/gems/puma-6.6.1/lib/puma/binder.rb:154:in `parse'
	from /home/jsilva/fisio/fisio_back/vendor/bundle/ruby/3.2.0/gems/puma-6.6.1/lib/puma/runner.rb:175:in `load_and_bind'
	from /home/jsilva/fisio/fisio_back/vendor/bundle/ruby/3.2.0/gems/puma-6.6.1/lib/puma/single.rb:44:in `run'
	from /home/jsilva/fisio/fisio_back/vendor/bundle/ruby/3.2.0/gems/puma-6.6.1/lib/puma/launcher.rb:203:in `run'
	from /home/jsilva/fisio/fisio_back/vendor/bundle/ruby/3.2.0/gems/puma-6.6.1/lib/rack/handler/puma.rb:79:in `run'
	from /home/jsilva/fisio/fisio_back/vendor/bundle/ruby/3.2.0/gems/rackup-2.2.1/lib/rackup/server.rb:341:in `start'
	from /home/jsilva/fisio/fisio_back/vendor/bundle/ruby/3.2.0/gems/rackup-2.2.1/lib/rackup/server.rb:182:in `start'
	from /home/jsilva/fisio/fisio_back/vendor/bundle/ruby/3.2.0/gems/rackup-2.2.1/bin/rackup:5:in `<top (required)>'
	from /home/jsilva/fisio/fisio_back/vendor/bundle/ruby/3.2.0/bin/rackup:25:in `load'
	from /home/jsilva/fisio/fisio_back/vendor/bundle/ruby/3.2.0/bin/rackup:25:in `<main>'
